{"numFailedTestSuites":1,"numFailedTests":0,"numPassedTestSuites":0,"numPassedTests":0,"numPendingTestSuites":0,"numPendingTests":0,"numRuntimeErrorTestSuites":1,"numTodoTests":0,"numTotalTestSuites":1,"numTotalTests":0,"openHandles":[],"snapshot":{"added":0,"didUpdate":false,"failure":false,"filesAdded":0,"filesRemoved":0,"filesRemovedList":[],"filesUnmatched":0,"filesUpdated":0,"matched":0,"total":0,"unchecked":0,"uncheckedKeysByFile":[],"unmatched":0,"updated":0},"startTime":1772943742813,"success":false,"testResults":[{"assertionResults":[],"coverage":{},"endTime":1772943743189,"message":"  \u001b[1m● \u001b[22mTest suite failed to run\n\n    \u001b[1m\u001b[31mJest encountered an unexpected token\u001b[39m\u001b[22m\n\n    Jest failed to parse a file. This happens e.g. when your code or its dependencies use non-standard JavaScript syntax, or when Jest is not configured to support such syntax.\n\n    Out of the box Jest supports Babel, which will be used to transform your files into valid JS based on your Babel configuration.\n\n    By default \"node_modules\" folder is ignored by transformers.\n\n    Here's what you can do:\n     • If you are trying to use ECMAScript Modules, see \u001b[4mhttps://jestjs.io/docs/ecmascript-modules\u001b[24m for how to enable it.\n     • If you are trying to use TypeScript, see \u001b[4mhttps://jestjs.io/docs/getting-started#using-typescript\u001b[24m\n     • To have some of your \"node_modules\" files transformed, you can specify a custom \u001b[1m\"transformIgnorePatterns\"\u001b[22m in your config.\n     • If you need a custom transformation specify a \u001b[1m\"transform\"\u001b[22m option in your config.\n     • If you simply want to mock your non-JS modules (e.g. binary assets) you can stub them out with the \u001b[1m\"moduleNameMapper\"\u001b[22m config option.\n\n    You'll find more details and examples of these config options in the docs:\n    \u001b[36mhttps://jestjs.io/docs/configuration\u001b[39m\n    For information about custom transformations, see:\n    \u001b[36mhttps://jestjs.io/docs/code-transformation\u001b[39m\n\n    \u001b[1m\u001b[31mDetails:\u001b[39m\u001b[22m\n\n    N:\\New folder\\nebula-expense-ai\\src\\generated\\client.ts:52\n    globalThis['__dirname'] = path.dirname((0, node_url_1.fileURLToPath)(import.meta.url));\n                                                                                ^^^^\n\n    SyntaxError: Cannot use 'import.meta' outside a module\n\n    \u001b[0m\u001b[31m\u001b[1m>\u001b[22m\u001b[39m\u001b[90m 1 |\u001b[39m \u001b[36mimport\u001b[39m { \u001b[33mPrismaClient\u001b[39m } \u001b[36mfrom\u001b[39m \u001b[32m\"@/generated/client\"\u001b[39m\u001b[33m;\u001b[39m\n     \u001b[90m   |\u001b[39m \u001b[31m\u001b[1m^\u001b[22m\u001b[39m\n     \u001b[90m 2 |\u001b[39m \u001b[36mimport\u001b[39m { \u001b[33mPrismaBetterSqlite3\u001b[39m } \u001b[36mfrom\u001b[39m \u001b[32m\"@prisma/adapter-better-sqlite3\"\u001b[39m\u001b[33m;\u001b[39m\n     \u001b[90m 3 |\u001b[39m\n     \u001b[90m 4 |\u001b[39m \u001b[90m// Use a single DB connection + adapter\u001b[39m\u001b[0m\n\n      \u001b[2mat Runtime.createScriptFromCode (\u001b[22mnode_modules/jest-runtime/build/index.js\u001b[2m:1505:14)\u001b[22m\n      \u001b[2mat Object.<anonymous> (\u001b[22msrc/lib/prisma.ts\u001b[2m:1:1)\u001b[22m\n      \u001b[2mat Object.<anonymous> (\u001b[22msrc/lib/expense-insights.ts\u001b[2m:1:1)\u001b[22m\n      \u001b[2mat Object.<anonymous> (\u001b[22m\u001b[0m\u001b[36m__tests__/insights.test.ts\u001b[39m\u001b[0m\u001b[2m:1:1)\u001b[22m\n","name":"N:\\New folder\\nebula-expense-ai\\__tests__\\insights.test.ts","startTime":1772943743189,"status":"failed","summary":""}],"wasInterrupted":false}
